[2026-04-02 15:17:38] A1111 недоступен
[2026-04-02 15:19:21] Сгенерировано промптов: 4
[2026-04-02 15:19:28] Сгенерировано промптов: 4
[2026-04-02 15:19:30] Сгенерировано промптов: 4
[2026-04-02 15:19:33] Сгенерировано промптов: 4
[2026-04-02 15:19:35] Сгенерировано промптов: 4
[2026-04-02 15:19:37] Сгенерировано промптов: 4
[2026-04-02 15:19:42] Генерация 4 изображений...
[2026-04-02 15:19:43] Ошибка генерации: 502 Server Error: Bad Gateway for url: http://127.0.0.1:7860/sdapi/v1/txt2img
[2026-04-02 19:44:36] A1111 недоступен
[2026-04-02 19:44:50] A1111 недоступен
[2026-04-02 19:44:53] A1111 недоступен
[2026-04-02 19:44:56] Сгенерировано промптов: 4
[2026-04-02 19:44:56] Генерация 4 изображений...
[2026-04-02 19:45:14] Ошибка генерации: 502 Server Error: Bad Gateway for url: http://127.0.0.1:7860/sdapi/v1/txt2img
[2026-04-02 19:56:06] A1111 недоступен
[2026-04-02 19:56:08] A1111 недоступен
[2026-04-02 19:56:13] A1111 недоступен
[2026-04-02 19:56:18] A1111 недоступен
[2026-04-02 19:56:23] A1111 недоступен
[2026-04-02 20:33:05] A1111 доступен
[2026-04-02 20:33:07] A1111 доступен
[2026-04-02 20:33:44] Сгенерировано промптов: 4
[2026-04-02 20:33:45] Генерация 4 изображений...
[2026-04-02 20:33:45] A1111 txt2img request: url=http://127.0.0.1:7860/sdapi/v1/txt2img, sampler=Euler a, size=768x768, steps=24, cfg=6.5
[2026-04-02 20:34:46] A1111 image saved: C:\Users\Zina\DREAM PROJECT 2\content_factory_app\content_factory_app\workspace\generated\ads\ads_20260402_203345_001.png
[2026-04-02 20:34:46] A1111 txt2img request: url=http://127.0.0.1:7860/sdapi/v1/txt2img, sampler=Euler a, size=768x768, steps=24, cfg=6.5
[2026-04-02 20:35:40] A1111 image saved: C:\Users\Zina\DREAM PROJECT 2\content_factory_app\content_factory_app\workspace\generated\ads\ads_20260402_203345_002.png
[2026-04-02 20:35:40] A1111 txt2img request: url=http://127.0.0.1:7860/sdapi/v1/txt2img, sampler=Euler a, size=768x768, steps=24, cfg=6.5
[2026-04-02 20:36:35] A1111 image saved: C:\Users\Zina\DREAM PROJECT 2\content_factory_app\content_factory_app\workspace\generated\ads\ads_20260402_203345_003.png
[2026-04-02 20:36:35] A1111 txt2img request: url=http://127.0.0.1:7860/sdapi/v1/txt2img, sampler=Euler a, size=768x768, steps=24, cfg=6.5
[2026-04-02 20:37:29] A1111 image saved: C:\Users\Zina\DREAM PROJECT 2\content_factory_app\content_factory_app\workspace\generated\ads\ads_20260402_203345_004.png
[2026-04-02 20:37:29] Готово: 4 файлов в generated/ads
[2026-04-02 21:19:08] Перенесено в selected: ads_20260402_203345_001.png
[2026-04-02 21:19:09] Перенесено в selected: ads_20260402_203345_002.png
[2026-04-02 21:19:10] Перенесено в selected: ads_20260402_203345_003.png
[2026-04-02 21:19:10] Перенесено в selected: ads_20260402_203345_004.png
[2026-04-02 21:19:20] Ошибка упаковки: [WinError 32] Процесс не может получить доступ к файлу, так как этот файл занят другим процессом
[2026-04-02 21:33:09] Ошибка упаковки: [WinError 32] Процесс не может получить доступ к файлу, так как этот файл занят другим процессом
[2026-04-02 21:33:20] Ошибка упаковки: [WinError 32] Процесс не может получить доступ к файлу, так как этот файл занят другим процессом
[2026-04-02 21:33:39] Ошибка упаковки: [WinError 32] Процесс не может получить доступ к файлу, так как этот файл занят другим процессом
[2026-04-02 21:38:46] Ошибка упаковки: [WinError 32] Процесс не может получить доступ к файлу, так как этот файл занят другим процессом
[2026-04-02 21:38:59] Ошибка упаковки: [WinError 32] Процесс не может получить доступ к файлу, так как этот файл занят другим процессом
[2026-04-02 21:39:15] Ошибка упаковки: [WinError 32] Процесс не может получить доступ к файлу, так как этот файл занят другим процессом
[2026-04-02 23:04:56] Пакет собран и опубликован локально
[2026-04-02 23:05:41] Пакет собран и опубликован локально
[2026-04-02 23:06:14] Сгенерировано промптов: 1
[2026-04-02 23:06:58] Сгенерировано промптов: 1
[2026-04-02 23:06:59] Сгенерировано промптов: 1
[2026-04-02 23:06:59] Сгенерировано промптов: 1
[2026-04-02 23:07:00] Сгенерировано промптов: 1
[2026-04-02 23:07:00] Сгенерировано промптов: 1
[2026-04-02 23:07:04] Генерация 1 изображений...
[2026-04-02 23:07:04] A1111 txt2img request: url=http://127.0.0.1:7860/sdapi/v1/txt2img, sampler=Euler a, size=768x768, steps=24, cfg=6.5
[2026-04-02 23:08:00] A1111 image saved: C:\Users\Zina\DREAM PROJECT 2\content_factory_app\content_factory_app\workspace\generated\ads\ads_20260402_230704_001.png
[2026-04-02 23:08:00] Готово: 1 файлов в generated/ads
[2026-04-02 23:08:10] Перенесено в selected: ads_20260402_230704_001.png
[2026-04-02 23:08:13] Убрано из selected: ads_20260402_203345_001.png
[2026-04-02 23:08:14] Убрано из selected: ads_20260402_203345_002.png
[2026-04-02 23:08:15] Убрано из selected: ads_20260402_203345_003.png
[2026-04-02 23:08:16] Убрано из selected: ads_20260402_203345_004.png
[2026-04-02 23:08:47] Пакет собран и опубликован локально
[2026-04-02 23:09:32] Импортировано вручную: 1
[2026-04-02 23:09:45] Перенесено в selected: bdce0e1d0ce611b0d3645c314f2f406a.jpg
[2026-04-02 23:09:46] Убрано из selected: ads_20260402_230704_001.png
[2026-04-02 23:09:50] Пакет собран и опубликован локально
[2026-04-03 12:29:04] Сгенерировано промптов: 4
[2026-04-03 12:29:05] Сгенерировано промптов: 4
[2026-04-03 12:29:05] Сгенерировано промптов: 4
[2026-04-03 12:29:06] Сгенерировано промптов: 4
[2026-04-03 12:29:06] Сгенерировано промптов: 4
[2026-04-03 12:29:50] Сгенерировано промптов: 4
[2026-04-03 12:29:53] Сгенерировано промптов: 1
[2026-04-03 12:29:54] Генерация 1 изображений...
[2026-04-03 12:29:54] Готово: 1 файлов в generated/ads
[2026-04-03 12:30:01] Перенесено в selected: ads_20260403_122954_001.png
[2026-04-03 12:30:09] Генерация 1 изображений...
[2026-04-03 12:30:09] Готово: 1 файлов в generated/ads
